\BOOKMARK [0][-]{chapter.1}{Abstract}{}% 1
\BOOKMARK [0][-]{chapter.2}{Danksagungen}{}% 2
\BOOKMARK [0][-]{chapter.3}{Inhaltsverzeichnis}{}% 3
\BOOKMARK [-1][-]{part.1}{Teil i}{}% 4
\BOOKMARK [0][-]{chapter.4}{Einleitung}{part.1}% 5
\BOOKMARK [1][-]{section.4.1}{Motivation und Fragestellung}{chapter.4}% 6
\BOOKMARK [1][-]{section.4.2}{Aufgabenstellung}{chapter.4}% 7
\BOOKMARK [1][-]{section.4.3}{Abgrenzung der Arbeit}{chapter.4}% 8
\BOOKMARK [1][-]{section.4.4}{Begr\374ndung}{chapter.4}% 9
\BOOKMARK [1][-]{section.4.5}{Geschichtliche Einordnung in das Thema}{chapter.4}% 10
\BOOKMARK [0][-]{chapter.5}{Dokumentationsstruktur und Beitrag zum Forschungsgebiet}{part.1}% 11
\BOOKMARK [-1][-]{part.2}{Teil ii}{}% 12
\BOOKMARK [0][-]{chapter.6}{Recherche}{part.2}% 13
\BOOKMARK [1][-]{section.6.1}{Fachbegriffe}{chapter.6}% 14
\BOOKMARK [1][-]{section.6.2}{Erl\344uterung der Grundlagen}{chapter.6}% 15
\BOOKMARK [0][-]{chapter.7}{Analyse}{part.2}% 16
\BOOKMARK [1][-]{section.7.1}{Datenanalyse}{chapter.7}% 17
\BOOKMARK [1][-]{section.7.2}{Diskussion Synchronisationsproblem}{chapter.7}% 18
\BOOKMARK [1][-]{section.7.3}{Diskussion bekannter Verfahren}{chapter.7}% 19
\BOOKMARK [1][-]{section.7.4}{Anforderungsanalyse}{chapter.7}% 20
\BOOKMARK [1][-]{section.7.5}{Vorgehensweise}{chapter.7}% 21
\BOOKMARK [1][-]{section.7.6}{Risiken}{chapter.7}% 22
\BOOKMARK [-1][-]{part.3}{Teil iii}{}% 23
\BOOKMARK [0][-]{chapter.8}{Konzept}{part.3}% 24
\BOOKMARK [1][-]{section.8.1}{Singlestate}{chapter.8}% 25
\BOOKMARK [1][-]{section.8.2}{Multistate}{chapter.8}% 26
\BOOKMARK [0][-]{chapter.9}{Design des Prototypen}{part.3}% 27
\BOOKMARK [1][-]{section.9.1}{Design-Ans\344tze}{chapter.9}% 28
\BOOKMARK [1][-]{section.9.2}{Entscheid}{chapter.9}% 29
\BOOKMARK [1][-]{section.9.3}{Design}{chapter.9}% 30
\BOOKMARK [1][-]{section.9.4}{Beispielapplikation}{chapter.9}% 31
\BOOKMARK [0][-]{chapter.10}{Prototyp}{part.3}% 32
\BOOKMARK [1][-]{section.10.1}{Umsetzung}{chapter.10}% 33
\BOOKMARK [1][-]{section.10.2}{Technologie Stack}{chapter.10}% 34
\BOOKMARK [1][-]{section.10.3}{Entwicklungsumgebung}{chapter.10}% 35
\BOOKMARK [1][-]{section.10.4}{Entwicklung}{chapter.10}% 36
\BOOKMARK [1][-]{section.10.5}{Grafische Umsetzung Fallbeispiel}{chapter.10}% 37
\BOOKMARK [0][-]{chapter.11}{Testing}{part.3}% 38
\BOOKMARK [1][-]{section.11.1}{Unit-Testing}{chapter.11}% 39
\BOOKMARK [1][-]{section.11.2}{Integration-Testing}{chapter.11}% 40
\BOOKMARK [1][-]{section.11.3}{Test der Akzeptanzkriterien}{chapter.11}% 41
\BOOKMARK [1][-]{section.11.4}{\334berpr\374fung der Aufgabenstellung}{chapter.11}% 42
\BOOKMARK [-1][-]{part.4}{Teil iv}{}% 43
\BOOKMARK [0][-]{chapter.12}{Review}{part.4}% 44
\BOOKMARK [1][-]{section.12.1}{Testing}{chapter.12}% 45
\BOOKMARK [1][-]{section.12.2}{Validation}{chapter.12}% 46
\BOOKMARK [0][-]{chapter.13}{Ausblick}{part.4}% 47
\BOOKMARK [0][-]{chapter.14}{Fazit und Schlusswort}{part.4}% 48
\BOOKMARK [0][-]{appendix.A}{Appendix}{part.4}% 49
\BOOKMARK [1][-]{section.A.1}{Glossar}{appendix.A}% 50
\BOOKMARK [1][-]{section.A.2}{Aufgabenstellung}{appendix.A}% 51
\BOOKMARK [0][-]{appendix.B}{Verzeichnisse}{part.4}% 52
\BOOKMARK [1][-]{section.B.1}{Quellenverzeichnis}{appendix.B}% 53
\BOOKMARK [1][-]{section.B.2}{Tabellenverzeichnis}{appendix.B}% 54
\BOOKMARK [1][-]{section.B.3}{Abbildungsverzeichnis}{appendix.B}% 55
